2020-12-05 03:54:11,675 INFO (StartupInfoLogger.java:50)- Starting App on PC-202004100854 with PID 323008 (E:\code\20201203\mayikt-thymeleaf\target\classes started by Administrator in E:\code\20201203\mayikt-thymeleaf)
2020-12-05 03:54:11,678 INFO (SpringApplication.java:652)- The following profiles are active: prd
2020-12-05 03:54:12,442 INFO (TomcatWebServer.java:90)- Tomcat initialized with port(s): 8081 (http)
2020-12-05 03:54:12,455 INFO (DirectJDKLog.java:173)- Initializing ProtocolHandler ["http-nio-8081"]
2020-12-05 03:54:12,460 INFO (DirectJDKLog.java:173)- Starting service [Tomcat]
2020-12-05 03:54:12,460 INFO (DirectJDKLog.java:173)- Starting Servlet engine: [Apache Tomcat/9.0.24]
2020-12-05 03:54:12,549 INFO (DirectJDKLog.java:173)- Initializing Spring embedded WebApplicationContext
2020-12-05 03:54:12,550 INFO (ServletWebServerApplicationContext.java:284)- Root WebApplicationContext: initialization completed in 800 ms
2020-12-05 03:54:12,702 INFO (ExecutorConfigurationSupport.java:171)- Initializing ExecutorService 'applicationTaskExecutor'
2020-12-05 03:54:12,838 INFO (DirectJDKLog.java:173)- Starting ProtocolHandler ["http-nio-8081"]
2020-12-05 03:54:12,858 INFO (TomcatWebServer.java:202)- Tomcat started on port(s): 8081 (http) with context path '/mayikt'
2020-12-05 03:54:12,861 INFO (StartupInfoLogger.java:59)- Started App in 1.602 seconds (JVM running for 2.307)
2020-12-05 03:55:18,273 INFO (StartupInfoLogger.java:50)- Starting App on PC-202004100854 with PID 322832 (E:\code\20201203\mayikt-thymeleaf\target\classes started by Administrator in E:\code\20201203\mayikt-thymeleaf)
2020-12-05 03:55:18,277 INFO (SpringApplication.java:652)- The following profiles are active: prd
2020-12-05 03:55:19,041 INFO (TomcatWebServer.java:90)- Tomcat initialized with port(s): 8081 (http)
2020-12-05 03:55:19,053 INFO (DirectJDKLog.java:173)- Initializing ProtocolHandler ["http-nio-8081"]
2020-12-05 03:55:19,059 INFO (DirectJDKLog.java:173)- Starting service [Tomcat]
2020-12-05 03:55:19,060 INFO (DirectJDKLog.java:173)- Starting Servlet engine: [Apache Tomcat/9.0.24]
2020-12-05 03:55:19,148 INFO (DirectJDKLog.java:173)- Initializing Spring embedded WebApplicationContext
2020-12-05 03:55:19,148 INFO (ServletWebServerApplicationContext.java:284)- Root WebApplicationContext: initialization completed in 769 ms
2020-12-05 03:55:19,298 INFO (ExecutorConfigurationSupport.java:171)- Initializing ExecutorService 'applicationTaskExecutor'
2020-12-05 03:55:19,443 INFO (DirectJDKLog.java:173)- Starting ProtocolHandler ["http-nio-8081"]
2020-12-05 03:55:19,462 INFO (TomcatWebServer.java:202)- Tomcat started on port(s): 8081 (http) with context path '/mayikt'
2020-12-05 03:55:19,464 INFO (StartupInfoLogger.java:59)- Started App in 1.649 seconds (JVM running for 2.339)
2020-12-05 03:56:31,378 INFO (DirectJDKLog.java:173)- Initializing Spring DispatcherServlet 'dispatcherServlet'
2020-12-05 03:56:31,379 INFO (FrameworkServlet.java:524)- Initializing Servlet 'dispatcherServlet'
2020-12-05 03:56:31,383 INFO (FrameworkServlet.java:546)- Completed initialization in 4 ms
2020-12-05 03:56:31,443 ERROR (DirectJDKLog.java:175)- Servlet.service() for servlet [dispatcherServlet] in context with path [/mayikt] threw exception [Request processing failed; nested exception is java.lang.IllegalStateException: Optional int parameter 'age' is present but cannot be translated into a null value due to being declared as a primitive type. Consider declaring it as object wrapper for the corresponding primitive type.] with root cause
java.lang.IllegalStateException: Optional int parameter 'age' is present but cannot be translated into a null value due to being declared as a primitive type. Consider declaring it as object wrapper for the corresponding primitive type.
	at org.springframework.web.method.annotation.AbstractNamedValueMethodArgumentResolver.handleNullValue(AbstractNamedValueMethodArgumentResolver.java:245)
	at org.springframework.web.method.annotation.AbstractNamedValueMethodArgumentResolver.resolveArgument(AbstractNamedValueMethodArgumentResolver.java:115)
	at org.springframework.web.method.support.HandlerMethodArgumentResolverComposite.resolveArgument(HandlerMethodArgumentResolverComposite.java:127)
	at org.springframework.web.method.support.InvocableHandlerMethod.getMethodArgumentValues(InvocableHandlerMethod.java:167)
	at org.springframework.web.method.support.InvocableHandlerMethod.invokeForRequest(InvocableHandlerMethod.java:134)
	at org.springframework.web.servlet.mvc.method.annotation.ServletInvocableHandlerMethod.invokeAndHandle(ServletInvocableHandlerMethod.java:104)
	at org.springframework.web.servlet.mvc.method.annotation.RequestMappingHandlerAdapter.invokeHandlerMethod(RequestMappingHandlerAdapter.java:892)
	at org.springframework.web.servlet.mvc.method.annotation.RequestMappingHandlerAdapter.handleInternal(RequestMappingHandlerAdapter.java:797)
	at org.springframework.web.servlet.mvc.method.AbstractHandlerMethodAdapter.handle(AbstractHandlerMethodAdapter.java:87)
	at org.springframework.web.servlet.DispatcherServlet.doDispatch(DispatcherServlet.java:1039)
	at org.springframework.web.servlet.DispatcherServlet.doService(DispatcherServlet.java:942)
	at org.springframework.web.servlet.FrameworkServlet.processRequest(FrameworkServlet.java:1005)
	at org.springframework.web.servlet.FrameworkServlet.doGet(FrameworkServlet.java:897)
	at javax.servlet.http.HttpServlet.service(HttpServlet.java:634)
	at org.springframework.web.servlet.FrameworkServlet.service(FrameworkServlet.java:882)
	at javax.servlet.http.HttpServlet.service(HttpServlet.java:741)
	at org.apache.catalina.core.ApplicationFilterChain.internalDoFilter(ApplicationFilterChain.java:231)
	at org.apache.catalina.core.ApplicationFilterChain.doFilter(ApplicationFilterChain.java:166)
	at org.apache.tomcat.websocket.server.WsFilter.doFilter(WsFilter.java:53)
	at org.apache.catalina.core.ApplicationFilterChain.internalDoFilter(ApplicationFilterChain.java:193)
	at org.apache.catalina.core.ApplicationFilterChain.doFilter(ApplicationFilterChain.java:166)
	at org.springframework.web.filter.RequestContextFilter.doFilterInternal(RequestContextFilter.java:99)
	at org.springframework.web.filter.OncePerRequestFilter.doFilter(OncePerRequestFilter.java:118)
	at org.apache.catalina.core.ApplicationFilterChain.internalDoFilter(ApplicationFilterChain.java:193)
	at org.apache.catalina.core.ApplicationFilterChain.doFilter(ApplicationFilterChain.java:166)
	at org.springframework.web.filter.FormContentFilter.doFilterInternal(FormContentFilter.java:92)
	at org.springframework.web.filter.OncePerRequestFilter.doFilter(OncePerRequestFilter.java:118)
	at org.apache.catalina.core.ApplicationFilterChain.internalDoFilter(ApplicationFilterChain.java:193)
	at org.apache.catalina.core.ApplicationFilterChain.doFilter(ApplicationFilterChain.java:166)
	at org.springframework.web.filter.HiddenHttpMethodFilter.doFilterInternal(HiddenHttpMethodFilter.java:93)
	at org.springframework.web.filter.OncePerRequestFilter.doFilter(OncePerRequestFilter.java:118)
	at org.apache.catalina.core.ApplicationFilterChain.internalDoFilter(ApplicationFilterChain.java:193)
	at org.apache.catalina.core.ApplicationFilterChain.doFilter(ApplicationFilterChain.java:166)
	at org.springframework.web.filter.CharacterEncodingFilter.doFilterInternal(CharacterEncodingFilter.java:200)
	at org.springframework.web.filter.OncePerRequestFilter.doFilter(OncePerRequestFilter.java:118)
	at org.apache.catalina.core.ApplicationFilterChain.internalDoFilter(ApplicationFilterChain.java:193)
	at org.apache.catalina.core.ApplicationFilterChain.doFilter(ApplicationFilterChain.java:166)
	at org.apache.catalina.core.StandardWrapperValve.invoke(StandardWrapperValve.java:202)
	at org.apache.catalina.core.StandardContextValve.invoke(StandardContextValve.java:96)
	at org.apache.catalina.authenticator.AuthenticatorBase.invoke(AuthenticatorBase.java:526)
	at org.apache.catalina.core.StandardHostValve.invoke(StandardHostValve.java:139)
	at org.apache.catalina.valves.ErrorReportValve.invoke(ErrorReportValve.java:92)
	at org.apache.catalina.core.StandardEngineValve.invoke(StandardEngineValve.java:74)
	at org.apache.catalina.connector.CoyoteAdapter.service(CoyoteAdapter.java:343)
	at org.apache.coyote.http11.Http11Processor.service(Http11Processor.java:408)
	at org.apache.coyote.AbstractProcessorLight.process(AbstractProcessorLight.java:66)
	at org.apache.coyote.AbstractProtocol$ConnectionHandler.process(AbstractProtocol.java:860)
	at org.apache.tomcat.util.net.NioEndpoint$SocketProcessor.doRun(NioEndpoint.java:1587)
	at org.apache.tomcat.util.net.SocketProcessorBase.run(SocketProcessorBase.java:49)
	at java.util.concurrent.ThreadPoolExecutor.runWorker(ThreadPoolExecutor.java:1149)
	at java.util.concurrent.ThreadPoolExecutor$Worker.run(ThreadPoolExecutor.java:624)
	at org.apache.tomcat.util.threads.TaskThread$WrappingRunnable.run(TaskThread.java:61)
	at java.lang.Thread.run(Thread.java:748)
2020-12-05 03:57:24,854 INFO (MyIndexService.java:62)- name:yushengjun,age:22
